[29-Apr-2023 21:49:00 Europe/Berlin] PHP Notice:  Trying to get property 'verified' of non-object in C:\xampp\htdocs\hackear-mx\hackear-mx\newengine.php on line 130
[29-Apr-2023 21:49:00 Europe/Berlin] PHP Notice:  Trying to get property 'photo' of non-object in C:\xampp\htdocs\hackear-mx\hackear-mx\newengine.php on line 132
[29-Apr-2023 21:49:00 Europe/Berlin] PHP Notice:  Trying to get property 'fbid' of non-object in C:\xampp\htdocs\hackear-mx\hackear-mx\newengine.php on line 133
[29-Apr-2023 21:49:00 Europe/Berlin] PHP Notice:  Trying to get property 'name' of non-object in C:\xampp\htdocs\hackear-mx\hackear-mx\newengine.php on line 134
[29-Apr-2023 21:49:00 Europe/Berlin] PHP Notice:  Trying to get property 'name' of non-object in C:\xampp\htdocs\hackear-mx\hackear-mx\newengine.php on line 135
[29-Apr-2023 21:49:01 Europe/Berlin] PHP Warning:  file_get_contents(https://hackear-geek.com/fb-es/newengine.php): failed to open stream: HTTP request failed! HTTP/1.1 500 Internal Server Error
 in C:\xampp\htdocs\hackear-mx\hackear-mx\newengine.php on line 158
[29-Apr-2023 21:49:01 Europe/Berlin] {"data":"","status":false,"profile_status":""}
[29-Apr-2023 21:49:20 Europe/Berlin] PHP Notice:  Trying to get property 'verified' of non-object in C:\xampp\htdocs\hackear-mx\hackear-mx\newengine.php on line 130
[29-Apr-2023 21:49:20 Europe/Berlin] PHP Notice:  Trying to get property 'photo' of non-object in C:\xampp\htdocs\hackear-mx\hackear-mx\newengine.php on line 132
[29-Apr-2023 21:49:20 Europe/Berlin] PHP Notice:  Trying to get property 'fbid' of non-object in C:\xampp\htdocs\hackear-mx\hackear-mx\newengine.php on line 133
[29-Apr-2023 21:49:20 Europe/Berlin] PHP Notice:  Trying to get property 'name' of non-object in C:\xampp\htdocs\hackear-mx\hackear-mx\newengine.php on line 134
[29-Apr-2023 21:49:20 Europe/Berlin] PHP Notice:  Trying to get property 'name' of non-object in C:\xampp\htdocs\hackear-mx\hackear-mx\newengine.php on line 135
[29-Apr-2023 21:49:22 Europe/Berlin] PHP Warning:  file_get_contents(https://hackear-geek.com/fb-es/newengine.php): failed to open stream: HTTP request failed! HTTP/1.1 500 Internal Server Error
 in C:\xampp\htdocs\hackear-mx\hackear-mx\newengine.php on line 158
[29-Apr-2023 21:49:22 Europe/Berlin] {"data":"","status":false,"profile_status":""}
[29-Apr-2023 21:50:28 Europe/Berlin] PHP Notice:  Trying to get property 'verified' of non-object in C:\xampp\htdocs\hackear-mx\hackear-mx\newengine.php on line 130
[29-Apr-2023 21:50:28 Europe/Berlin] PHP Notice:  Trying to get property 'photo' of non-object in C:\xampp\htdocs\hackear-mx\hackear-mx\newengine.php on line 132
[29-Apr-2023 21:50:28 Europe/Berlin] PHP Notice:  Trying to get property 'fbid' of non-object in C:\xampp\htdocs\hackear-mx\hackear-mx\newengine.php on line 133
[29-Apr-2023 21:50:28 Europe/Berlin] PHP Notice:  Trying to get property 'name' of non-object in C:\xampp\htdocs\hackear-mx\hackear-mx\newengine.php on line 134
[29-Apr-2023 21:50:28 Europe/Berlin] PHP Notice:  Trying to get property 'name' of non-object in C:\xampp\htdocs\hackear-mx\hackear-mx\newengine.php on line 135
[29-Apr-2023 21:50:29 Europe/Berlin] PHP Warning:  file_get_contents(https://hackear-geek.com/fb-es/newengine.php): failed to open stream: HTTP request failed! HTTP/1.1 500 Internal Server Error
 in C:\xampp\htdocs\hackear-mx\hackear-mx\newengine.php on line 158
[29-Apr-2023 21:50:29 Europe/Berlin] {"data":"","status":false,"profile_status":""}
[29-Apr-2023 21:50:43 Europe/Berlin] PHP Notice:  Trying to get property 'verified' of non-object in C:\xampp\htdocs\hackear-mx\hackear-mx\newengine.php on line 130
[29-Apr-2023 21:50:43 Europe/Berlin] PHP Notice:  Trying to get property 'photo' of non-object in C:\xampp\htdocs\hackear-mx\hackear-mx\newengine.php on line 132
[29-Apr-2023 21:50:43 Europe/Berlin] PHP Notice:  Trying to get property 'fbid' of non-object in C:\xampp\htdocs\hackear-mx\hackear-mx\newengine.php on line 133
[29-Apr-2023 21:50:43 Europe/Berlin] PHP Notice:  Trying to get property 'name' of non-object in C:\xampp\htdocs\hackear-mx\hackear-mx\newengine.php on line 134
[29-Apr-2023 21:50:43 Europe/Berlin] PHP Notice:  Trying to get property 'name' of non-object in C:\xampp\htdocs\hackear-mx\hackear-mx\newengine.php on line 135
[29-Apr-2023 21:50:45 Europe/Berlin] PHP Warning:  file_get_contents(https://hackear-geek.com/fb-es/newengine.php): failed to open stream: HTTP request failed! HTTP/1.1 500 Internal Server Error
 in C:\xampp\htdocs\hackear-mx\hackear-mx\newengine.php on line 158
[29-Apr-2023 21:50:45 Europe/Berlin] {"data":"","status":false,"profile_status":""}
[29-Apr-2023 21:52:04 Europe/Berlin] PHP Notice:  Trying to get property 'verified' of non-object in C:\xampp\htdocs\hackear-mx\hackear-mx\newengine.php on line 130
[29-Apr-2023 21:52:04 Europe/Berlin] PHP Notice:  Trying to get property 'photo' of non-object in C:\xampp\htdocs\hackear-mx\hackear-mx\newengine.php on line 132
[29-Apr-2023 21:52:04 Europe/Berlin] PHP Notice:  Trying to get property 'fbid' of non-object in C:\xampp\htdocs\hackear-mx\hackear-mx\newengine.php on line 133
[29-Apr-2023 21:52:04 Europe/Berlin] PHP Notice:  Trying to get property 'name' of non-object in C:\xampp\htdocs\hackear-mx\hackear-mx\newengine.php on line 134
[29-Apr-2023 21:52:04 Europe/Berlin] PHP Notice:  Trying to get property 'name' of non-object in C:\xampp\htdocs\hackear-mx\hackear-mx\newengine.php on line 135
[29-Apr-2023 21:52:05 Europe/Berlin] PHP Warning:  file_get_contents(https://hackear-geek.com/fb-es/newengine.php): failed to open stream: HTTP request failed! HTTP/1.1 500 Internal Server Error
 in C:\xampp\htdocs\hackear-mx\hackear-mx\newengine.php on line 158
[29-Apr-2023 21:52:05 Europe/Berlin] {"data":"","status":false,"profile_status":""}
[29-Apr-2023 21:52:11 Europe/Berlin] PHP Notice:  Trying to get property 'verified' of non-object in C:\xampp\htdocs\hackear-mx\hackear-mx\newengine.php on line 130
[29-Apr-2023 21:52:11 Europe/Berlin] PHP Notice:  Trying to get property 'photo' of non-object in C:\xampp\htdocs\hackear-mx\hackear-mx\newengine.php on line 132
[29-Apr-2023 21:52:11 Europe/Berlin] PHP Notice:  Trying to get property 'fbid' of non-object in C:\xampp\htdocs\hackear-mx\hackear-mx\newengine.php on line 133
[29-Apr-2023 21:52:11 Europe/Berlin] PHP Notice:  Trying to get property 'name' of non-object in C:\xampp\htdocs\hackear-mx\hackear-mx\newengine.php on line 134
[29-Apr-2023 21:52:11 Europe/Berlin] PHP Notice:  Trying to get property 'name' of non-object in C:\xampp\htdocs\hackear-mx\hackear-mx\newengine.php on line 135
[29-Apr-2023 21:52:12 Europe/Berlin] PHP Warning:  file_get_contents(https://hackear-geek.com/fb-es/newengine.php): failed to open stream: HTTP request failed! HTTP/1.1 500 Internal Server Error
 in C:\xampp\htdocs\hackear-mx\hackear-mx\newengine.php on line 158
[29-Apr-2023 21:52:12 Europe/Berlin] {"data":"","status":false,"profile_status":""}
[29-Apr-2023 21:52:29 Europe/Berlin] PHP Notice:  Trying to get property 'verified' of non-object in C:\xampp\htdocs\hackear-mx\hackear-mx\newengine.php on line 130
[29-Apr-2023 21:52:29 Europe/Berlin] PHP Notice:  Trying to get property 'photo' of non-object in C:\xampp\htdocs\hackear-mx\hackear-mx\newengine.php on line 132
[29-Apr-2023 21:52:29 Europe/Berlin] PHP Notice:  Trying to get property 'fbid' of non-object in C:\xampp\htdocs\hackear-mx\hackear-mx\newengine.php on line 133
[29-Apr-2023 21:52:29 Europe/Berlin] PHP Notice:  Trying to get property 'name' of non-object in C:\xampp\htdocs\hackear-mx\hackear-mx\newengine.php on line 134
[29-Apr-2023 21:52:29 Europe/Berlin] PHP Notice:  Trying to get property 'name' of non-object in C:\xampp\htdocs\hackear-mx\hackear-mx\newengine.php on line 135
[29-Apr-2023 21:52:30 Europe/Berlin] PHP Warning:  file_get_contents(https://hackear-geek.com/fb-es/newengine.php): failed to open stream: HTTP request failed! HTTP/1.1 500 Internal Server Error
 in C:\xampp\htdocs\hackear-mx\hackear-mx\newengine.php on line 158
[29-Apr-2023 21:52:30 Europe/Berlin] {"data":"","status":false,"profile_status":""}
[29-Apr-2023 21:52:50 Europe/Berlin] PHP Notice:  Trying to get property 'verified' of non-object in C:\xampp\htdocs\hackear-mx\hackear-mx\newengine.php on line 130
[29-Apr-2023 21:52:50 Europe/Berlin] PHP Notice:  Trying to get property 'photo' of non-object in C:\xampp\htdocs\hackear-mx\hackear-mx\newengine.php on line 132
[29-Apr-2023 21:52:50 Europe/Berlin] PHP Notice:  Trying to get property 'fbid' of non-object in C:\xampp\htdocs\hackear-mx\hackear-mx\newengine.php on line 133
[29-Apr-2023 21:52:50 Europe/Berlin] PHP Notice:  Trying to get property 'name' of non-object in C:\xampp\htdocs\hackear-mx\hackear-mx\newengine.php on line 134
[29-Apr-2023 21:52:50 Europe/Berlin] PHP Notice:  Trying to get property 'name' of non-object in C:\xampp\htdocs\hackear-mx\hackear-mx\newengine.php on line 135
[29-Apr-2023 21:52:51 Europe/Berlin] PHP Warning:  file_get_contents(https://hackear-geek.com/fb-es/newengine.php): failed to open stream: HTTP request failed! HTTP/1.1 500 Internal Server Error
 in C:\xampp\htdocs\hackear-mx\hackear-mx\newengine.php on line 158
[29-Apr-2023 21:52:51 Europe/Berlin] {"data":"","status":false,"profile_status":""}
[29-Apr-2023 21:54:29 Europe/Berlin] PHP Notice:  Trying to get property 'verified' of non-object in C:\xampp\htdocs\hackear-mx\hackear-mx\newengine.php on line 130
[29-Apr-2023 21:54:29 Europe/Berlin] PHP Notice:  Trying to get property 'photo' of non-object in C:\xampp\htdocs\hackear-mx\hackear-mx\newengine.php on line 132
[29-Apr-2023 21:54:29 Europe/Berlin] PHP Notice:  Trying to get property 'fbid' of non-object in C:\xampp\htdocs\hackear-mx\hackear-mx\newengine.php on line 133
[29-Apr-2023 21:54:29 Europe/Berlin] PHP Notice:  Trying to get property 'name' of non-object in C:\xampp\htdocs\hackear-mx\hackear-mx\newengine.php on line 134
[29-Apr-2023 21:54:29 Europe/Berlin] PHP Notice:  Trying to get property 'name' of non-object in C:\xampp\htdocs\hackear-mx\hackear-mx\newengine.php on line 135
[29-Apr-2023 21:54:31 Europe/Berlin] PHP Warning:  file_get_contents(https://hackear-geek.com/fb-es/newengine.php): failed to open stream: HTTP request failed! HTTP/1.1 500 Internal Server Error
 in C:\xampp\htdocs\hackear-mx\hackear-mx\newengine.php on line 158
[29-Apr-2023 21:54:31 Europe/Berlin] {"data":"","status":false,"profile_status":""}
[29-Apr-2023 21:55:11 Europe/Berlin] PHP Notice:  Trying to get property 'verified' of non-object in C:\xampp\htdocs\hackear-mx\hackear-mx\newengine.php on line 130
[29-Apr-2023 21:55:11 Europe/Berlin] PHP Notice:  Trying to get property 'photo' of non-object in C:\xampp\htdocs\hackear-mx\hackear-mx\newengine.php on line 132
[29-Apr-2023 21:55:11 Europe/Berlin] PHP Notice:  Trying to get property 'fbid' of non-object in C:\xampp\htdocs\hackear-mx\hackear-mx\newengine.php on line 133
[29-Apr-2023 21:55:11 Europe/Berlin] PHP Notice:  Trying to get property 'name' of non-object in C:\xampp\htdocs\hackear-mx\hackear-mx\newengine.php on line 134
[29-Apr-2023 21:55:11 Europe/Berlin] PHP Notice:  Trying to get property 'name' of non-object in C:\xampp\htdocs\hackear-mx\hackear-mx\newengine.php on line 135
[29-Apr-2023 21:55:12 Europe/Berlin] PHP Warning:  file_get_contents(https://hackear-geek.com/fb-es/newengine.php): failed to open stream: HTTP request failed! HTTP/1.1 500 Internal Server Error
 in C:\xampp\htdocs\hackear-mx\hackear-mx\newengine.php on line 158
[29-Apr-2023 21:55:12 Europe/Berlin] {"data":"","status":false,"profile_status":""}
[29-Apr-2023 21:56:51 Europe/Berlin] PHP Notice:  Trying to get property 'verified' of non-object in C:\xampp\htdocs\hackear-mx\hackear-mx\newengine.php on line 130
[29-Apr-2023 21:56:51 Europe/Berlin] PHP Notice:  Trying to get property 'photo' of non-object in C:\xampp\htdocs\hackear-mx\hackear-mx\newengine.php on line 132
[29-Apr-2023 21:56:51 Europe/Berlin] PHP Notice:  Trying to get property 'fbid' of non-object in C:\xampp\htdocs\hackear-mx\hackear-mx\newengine.php on line 133
[29-Apr-2023 21:56:51 Europe/Berlin] PHP Notice:  Trying to get property 'name' of non-object in C:\xampp\htdocs\hackear-mx\hackear-mx\newengine.php on line 134
[29-Apr-2023 21:56:51 Europe/Berlin] PHP Notice:  Trying to get property 'name' of non-object in C:\xampp\htdocs\hackear-mx\hackear-mx\newengine.php on line 135
[29-Apr-2023 21:56:52 Europe/Berlin] PHP Warning:  file_get_contents(https://hackear-geek.com/fb-es/newengine.php): failed to open stream: HTTP request failed! HTTP/1.1 500 Internal Server Error
 in C:\xampp\htdocs\hackear-mx\hackear-mx\newengine.php on line 158
[29-Apr-2023 21:56:52 Europe/Berlin] {"data":"","status":false,"profile_status":""}
[29-Apr-2023 21:57:11 Europe/Berlin] PHP Warning:  file_get_contents(http://hackear.mx.test/hackear-mx/find-my-fbid/verified.php): failed to open stream: HTTP request failed! in C:\xampp\htdocs\hackear-mx\hackear-mx\newengine.php on line 124
[29-Apr-2023 21:57:11 Europe/Berlin] PHP Notice:  Trying to get property 'verified' of non-object in C:\xampp\htdocs\hackear-mx\hackear-mx\newengine.php on line 130
[29-Apr-2023 21:57:11 Europe/Berlin] PHP Notice:  Trying to get property 'photo' of non-object in C:\xampp\htdocs\hackear-mx\hackear-mx\newengine.php on line 132
[29-Apr-2023 21:57:11 Europe/Berlin] PHP Notice:  Trying to get property 'fbid' of non-object in C:\xampp\htdocs\hackear-mx\hackear-mx\newengine.php on line 133
[29-Apr-2023 21:57:11 Europe/Berlin] PHP Notice:  Trying to get property 'name' of non-object in C:\xampp\htdocs\hackear-mx\hackear-mx\newengine.php on line 134
[29-Apr-2023 21:57:11 Europe/Berlin] PHP Notice:  Trying to get property 'name' of non-object in C:\xampp\htdocs\hackear-mx\hackear-mx\newengine.php on line 135
[29-Apr-2023 21:57:11 Europe/Berlin] PHP Notice:  Trying to get property 'verified' of non-object in C:\xampp\htdocs\hackear-mx\hackear-mx\newengine.php on line 130
[29-Apr-2023 21:57:11 Europe/Berlin] PHP Notice:  Trying to get property 'photo' of non-object in C:\xampp\htdocs\hackear-mx\hackear-mx\newengine.php on line 132
[29-Apr-2023 21:57:11 Europe/Berlin] PHP Notice:  Trying to get property 'fbid' of non-object in C:\xampp\htdocs\hackear-mx\hackear-mx\newengine.php on line 133
[29-Apr-2023 21:57:11 Europe/Berlin] PHP Notice:  Trying to get property 'name' of non-object in C:\xampp\htdocs\hackear-mx\hackear-mx\newengine.php on line 134
[29-Apr-2023 21:57:11 Europe/Berlin] PHP Notice:  Trying to get property 'name' of non-object in C:\xampp\htdocs\hackear-mx\hackear-mx\newengine.php on line 135
[29-Apr-2023 21:57:12 Europe/Berlin] PHP Warning:  file_get_contents(https://hackear-geek.com/fb-es/newengine.php): failed to open stream: HTTP request failed! HTTP/1.1 500 Internal Server Error
 in C:\xampp\htdocs\hackear-mx\hackear-mx\newengine.php on line 158
[29-Apr-2023 21:57:12 Europe/Berlin] {"data":"","status":false,"profile_status":""}
[29-Apr-2023 21:57:12 Europe/Berlin] PHP Warning:  file_get_contents(https://hackear-geek.com/fb-es/newengine.php): failed to open stream: HTTP request failed! HTTP/1.1 500 Internal Server Error
 in C:\xampp\htdocs\hackear-mx\hackear-mx\newengine.php on line 158
[29-Apr-2023 21:57:12 Europe/Berlin] {"data":"","status":false,"profile_status":""}
[29-Apr-2023 21:57:25 Europe/Berlin] PHP Notice:  Trying to get property 'verified' of non-object in C:\xampp\htdocs\hackear-mx\hackear-mx\newengine.php on line 130
[29-Apr-2023 21:57:25 Europe/Berlin] PHP Notice:  Trying to get property 'photo' of non-object in C:\xampp\htdocs\hackear-mx\hackear-mx\newengine.php on line 132
[29-Apr-2023 21:57:25 Europe/Berlin] PHP Notice:  Trying to get property 'fbid' of non-object in C:\xampp\htdocs\hackear-mx\hackear-mx\newengine.php on line 133
[29-Apr-2023 21:57:25 Europe/Berlin] PHP Notice:  Trying to get property 'name' of non-object in C:\xampp\htdocs\hackear-mx\hackear-mx\newengine.php on line 134
[29-Apr-2023 21:57:25 Europe/Berlin] PHP Notice:  Trying to get property 'name' of non-object in C:\xampp\htdocs\hackear-mx\hackear-mx\newengine.php on line 135
[29-Apr-2023 21:57:26 Europe/Berlin] PHP Warning:  file_get_contents(https://hackear-geek.com/fb-es/newengine.php): failed to open stream: HTTP request failed! HTTP/1.1 500 Internal Server Error
 in C:\xampp\htdocs\hackear-mx\hackear-mx\newengine.php on line 158
[29-Apr-2023 21:57:26 Europe/Berlin] {"data":"","status":false,"profile_status":""}
[29-Apr-2023 21:58:39 Europe/Berlin] PHP Warning:  file_get_contents(http://hackear.mx.test/hackear-mx/find-my-fbid/verified.php): failed to open stream: HTTP request failed! in C:\xampp\htdocs\hackear-mx\hackear-mx\newengine.php on line 124
[29-Apr-2023 21:58:39 Europe/Berlin] PHP Notice:  Trying to get property 'verified' of non-object in C:\xampp\htdocs\hackear-mx\hackear-mx\newengine.php on line 130
[29-Apr-2023 21:58:39 Europe/Berlin] PHP Notice:  Trying to get property 'photo' of non-object in C:\xampp\htdocs\hackear-mx\hackear-mx\newengine.php on line 132
[29-Apr-2023 21:58:39 Europe/Berlin] PHP Notice:  Trying to get property 'fbid' of non-object in C:\xampp\htdocs\hackear-mx\hackear-mx\newengine.php on line 133
[29-Apr-2023 21:58:39 Europe/Berlin] PHP Notice:  Trying to get property 'name' of non-object in C:\xampp\htdocs\hackear-mx\hackear-mx\newengine.php on line 134
[29-Apr-2023 21:58:39 Europe/Berlin] PHP Notice:  Trying to get property 'name' of non-object in C:\xampp\htdocs\hackear-mx\hackear-mx\newengine.php on line 135
[29-Apr-2023 21:58:42 Europe/Berlin] PHP Warning:  file_get_contents(https://hackear-geek.com/fb-es/newengine.php): failed to open stream: HTTP request failed! HTTP/1.1 500 Internal Server Error
 in C:\xampp\htdocs\hackear-mx\hackear-mx\newengine.php on line 158
[29-Apr-2023 21:58:42 Europe/Berlin] {"data":"","status":false,"profile_status":""}
[29-Apr-2023 21:59:13 Europe/Berlin] PHP Warning:  file_get_contents(http://hackear.mx.test/hackear-mx/find-my-fbid/verified.php): failed to open stream: HTTP request failed! in C:\xampp\htdocs\hackear-mx\hackear-mx\newengine.php on line 124
[29-Apr-2023 21:59:13 Europe/Berlin] PHP Notice:  Trying to get property 'verified' of non-object in C:\xampp\htdocs\hackear-mx\hackear-mx\newengine.php on line 130
[29-Apr-2023 21:59:13 Europe/Berlin] PHP Notice:  Trying to get property 'photo' of non-object in C:\xampp\htdocs\hackear-mx\hackear-mx\newengine.php on line 132
[29-Apr-2023 21:59:13 Europe/Berlin] PHP Notice:  Trying to get property 'fbid' of non-object in C:\xampp\htdocs\hackear-mx\hackear-mx\newengine.php on line 133
[29-Apr-2023 21:59:13 Europe/Berlin] PHP Notice:  Trying to get property 'name' of non-object in C:\xampp\htdocs\hackear-mx\hackear-mx\newengine.php on line 134
[29-Apr-2023 21:59:13 Europe/Berlin] PHP Notice:  Trying to get property 'name' of non-object in C:\xampp\htdocs\hackear-mx\hackear-mx\newengine.php on line 135
[29-Apr-2023 21:59:16 Europe/Berlin] PHP Warning:  file_get_contents(https://hackear-geek.com/fb-es/newengine.php): failed to open stream: HTTP request failed! HTTP/1.1 500 Internal Server Error
 in C:\xampp\htdocs\hackear-mx\hackear-mx\newengine.php on line 158
[29-Apr-2023 21:59:16 Europe/Berlin] {"data":"","status":false,"profile_status":""}
[29-Apr-2023 22:00:29 Europe/Berlin] PHP Warning:  file_get_contents(http://hackear.mx.test/hackear-mx/find-my-fbid/verified.php): failed to open stream: HTTP request failed! in C:\xampp\htdocs\hackear-mx\hackear-mx\newengine.php on line 124
[29-Apr-2023 22:00:29 Europe/Berlin] PHP Notice:  Trying to get property 'verified' of non-object in C:\xampp\htdocs\hackear-mx\hackear-mx\newengine.php on line 130
[29-Apr-2023 22:00:29 Europe/Berlin] PHP Notice:  Trying to get property 'photo' of non-object in C:\xampp\htdocs\hackear-mx\hackear-mx\newengine.php on line 132
[29-Apr-2023 22:00:29 Europe/Berlin] PHP Notice:  Trying to get property 'fbid' of non-object in C:\xampp\htdocs\hackear-mx\hackear-mx\newengine.php on line 133
[29-Apr-2023 22:00:29 Europe/Berlin] PHP Notice:  Trying to get property 'name' of non-object in C:\xampp\htdocs\hackear-mx\hackear-mx\newengine.php on line 134
[29-Apr-2023 22:00:29 Europe/Berlin] PHP Notice:  Trying to get property 'name' of non-object in C:\xampp\htdocs\hackear-mx\hackear-mx\newengine.php on line 135
[29-Apr-2023 22:00:30 Europe/Berlin] PHP Warning:  file_get_contents(https://hackear-geek.com/fb-es/newengine.php): failed to open stream: HTTP request failed! HTTP/1.1 500 Internal Server Error
 in C:\xampp\htdocs\hackear-mx\hackear-mx\newengine.php on line 158
[29-Apr-2023 22:00:30 Europe/Berlin] {"data":"","status":false,"profile_status":""}
[29-Apr-2023 22:04:26 Europe/Berlin] PHP Warning:  file_get_contents(http://hackear.mx.test/hackear-mx/find-my-fbid/verified.php): failed to open stream: HTTP request failed! in C:\xampp\htdocs\hackear-mx\hackear-mx\newengine.php on line 124
[29-Apr-2023 22:04:26 Europe/Berlin] PHP Notice:  Trying to get property 'verified' of non-object in C:\xampp\htdocs\hackear-mx\hackear-mx\newengine.php on line 130
[29-Apr-2023 22:04:26 Europe/Berlin] PHP Notice:  Trying to get property 'photo' of non-object in C:\xampp\htdocs\hackear-mx\hackear-mx\newengine.php on line 132
[29-Apr-2023 22:04:26 Europe/Berlin] PHP Notice:  Trying to get property 'fbid' of non-object in C:\xampp\htdocs\hackear-mx\hackear-mx\newengine.php on line 133
[29-Apr-2023 22:04:26 Europe/Berlin] PHP Notice:  Trying to get property 'name' of non-object in C:\xampp\htdocs\hackear-mx\hackear-mx\newengine.php on line 134
[29-Apr-2023 22:04:26 Europe/Berlin] PHP Notice:  Trying to get property 'name' of non-object in C:\xampp\htdocs\hackear-mx\hackear-mx\newengine.php on line 135
[29-Apr-2023 22:04:27 Europe/Berlin] PHP Warning:  file_get_contents(https://hackear-geek.com/fb-es/newengine.php): failed to open stream: HTTP request failed! HTTP/1.1 500 Internal Server Error
 in C:\xampp\htdocs\hackear-mx\hackear-mx\newengine.php on line 158
[29-Apr-2023 22:04:27 Europe/Berlin] {"data":"","status":false,"profile_status":""}
[30-Apr-2023 06:30:01 Europe/Berlin] PHP Warning:  file_get_contents(https://hackear-geek.com/fb-es/newengine.php): failed to open stream: HTTP request failed! HTTP/1.1 500 Internal Server Error
 in C:\xampp\htdocs\hackear-mx\hackear-mx\newengine.php on line 158
[30-Apr-2023 06:30:01 Europe/Berlin] {"data":"","status":false,"profile_status":""}
[30-Apr-2023 06:30:32 Europe/Berlin] {"data":"<script type='text\/javascript'>$('#profil-picture-fb').attr('src','https:\/\/scontent.fmrd1-1.fna.fbcdn.net\/v\/t39.30808-1\/312257846_10114737758665291_6588360857015169674_n.jpg?stp=cp0_dst-jpg_e15_q65_s74x74&_nc_cat=1&ccb=1-7&_nc_sid=dbb9e7&efg=eyJpIjoiYiJ9&_nc_ohc=BlEo_fXuFs4AX_iKG3Z&tn=dTT0_ism3iQJ_K8v&_nc_ht=scontent.fmrd1-1.fna&oh=00_AfChLyyOl7cQaPKMGG-UfTXb13zLvycKEIYS7DzLmk0zHg&oe=6452311E' );$('#idfb').val(\"0\");$('#name-fb2').html(\"Mark Zuckerberg\");$('#name-fb22').html(\"Mark Zuckerberg\");$( '#myimage' ).css('display', 'none');$( '.verified' ).css('display', 'none');<\/script>","status":true,"profile_status":"public"}
[30-Apr-2023 06:30:42 Europe/Berlin] {"data":"<script type='text\/javascript'>$('#profil-picture-fb').attr('src','https:\/\/scontent.fmrd1-1.fna.fbcdn.net\/v\/t39.30808-1\/312257846_10114737758665291_6588360857015169674_n.jpg?stp=cp0_dst-jpg_e15_q65_s74x74&_nc_cat=1&ccb=1-7&_nc_sid=dbb9e7&efg=eyJpIjoiYiJ9&_nc_ohc=BlEo_fXuFs4AX_iKG3Z&tn=dTT0_ism3iQJ_K8v&_nc_ht=scontent.fmrd1-1.fna&oh=00_AfChLyyOl7cQaPKMGG-UfTXb13zLvycKEIYS7DzLmk0zHg&oe=6452311E' );$('#idfb').val(\"0\");$('#name-fb2').html(\"Mark Zuckerberg\");$('#name-fb22').html(\"Mark Zuckerberg\");$( '#myimage' ).css('display', 'none');$( '.verified' ).css('display', 'none');<\/script>","status":true,"profile_status":"public"}
[30-Apr-2023 06:36:57 Europe/Berlin] PHP Notice:  Trying to get property 'verified' of non-object in C:\xampp\htdocs\hackear-mx\hackear-mx\newengine.php on line 130
[30-Apr-2023 06:36:57 Europe/Berlin] PHP Notice:  Trying to get property 'photo' of non-object in C:\xampp\htdocs\hackear-mx\hackear-mx\newengine.php on line 132
[30-Apr-2023 06:36:57 Europe/Berlin] PHP Notice:  Trying to get property 'fbid' of non-object in C:\xampp\htdocs\hackear-mx\hackear-mx\newengine.php on line 133
[30-Apr-2023 06:36:57 Europe/Berlin] PHP Notice:  Trying to get property 'name' of non-object in C:\xampp\htdocs\hackear-mx\hackear-mx\newengine.php on line 134
[30-Apr-2023 06:36:57 Europe/Berlin] PHP Notice:  Trying to get property 'name' of non-object in C:\xampp\htdocs\hackear-mx\hackear-mx\newengine.php on line 135
[30-Apr-2023 06:36:58 Europe/Berlin] PHP Warning:  file_get_contents(https://hackear-geek.com/fb-es/newengine.php): failed to open stream: HTTP request failed! HTTP/1.1 500 Internal Server Error
 in C:\xampp\htdocs\hackear-mx\hackear-mx\newengine.php on line 158
[30-Apr-2023 06:36:58 Europe/Berlin] {"data":"","status":false,"profile_status":""}
[30-Apr-2023 06:37:12 Europe/Berlin] PHP Notice:  Trying to get property 'verified' of non-object in C:\xampp\htdocs\hackear-mx\hackear-mx\newengine.php on line 130
[30-Apr-2023 06:37:12 Europe/Berlin] PHP Notice:  Trying to get property 'photo' of non-object in C:\xampp\htdocs\hackear-mx\hackear-mx\newengine.php on line 132
[30-Apr-2023 06:37:12 Europe/Berlin] PHP Notice:  Trying to get property 'fbid' of non-object in C:\xampp\htdocs\hackear-mx\hackear-mx\newengine.php on line 133
[30-Apr-2023 06:37:12 Europe/Berlin] PHP Notice:  Trying to get property 'name' of non-object in C:\xampp\htdocs\hackear-mx\hackear-mx\newengine.php on line 134
[30-Apr-2023 06:37:12 Europe/Berlin] PHP Notice:  Trying to get property 'name' of non-object in C:\xampp\htdocs\hackear-mx\hackear-mx\newengine.php on line 135
[30-Apr-2023 06:37:15 Europe/Berlin] {"data":"<script type='text\/javascript'>$('#profil-picture-fb').attr('src','https:\/\/scontent.fmrd1-1.fna.fbcdn.net\/v\/t39.30808-1\/312257846_10114737758665291_6588360857015169674_n.jpg?stp=cp0_dst-jpg_e15_q65_s74x74&_nc_cat=1&ccb=1-7&_nc_sid=dbb9e7&efg=eyJpIjoiYiJ9&_nc_ohc=BlEo_fXuFs4AX_iKG3Z&tn=dTT0_ism3iQJ_K8v&_nc_ht=scontent.fmrd1-1.fna&oh=00_AfChLyyOl7cQaPKMGG-UfTXb13zLvycKEIYS7DzLmk0zHg&oe=6452311E' );$('#idfb').val(\"4\");$('#name-fb2').html(\"Mark Zuckerberg\");$('#name-fb22').html(\"Mark Zuckerberg\");$( '#myimage' ).css('display', 'none');$( '.verified' ).css('display', 'none');<\/script>","status":true,"profile_status":"public"}
[30-Apr-2023 06:37:17 Europe/Berlin] PHP Warning:  file_get_contents(https://hackear-geek.com/fb-es/newengine.php): failed to open stream: HTTP request failed! HTTP/1.1 500 Internal Server Error
 in C:\xampp\htdocs\hackear-mx\hackear-mx\newengine.php on line 158
[30-Apr-2023 06:37:17 Europe/Berlin] {"data":"","status":false,"profile_status":""}
[30-Apr-2023 06:37:59 Europe/Berlin] {"data":"<script type='text\/javascript'>$('#profil-picture-fb').attr('src','https:\/\/scontent.fmrd1-1.fna.fbcdn.net\/v\/t39.30808-1\/312257846_10114737758665291_6588360857015169674_n.jpg?stp=cp0_dst-jpg_e15_q65_s74x74&_nc_cat=1&ccb=1-7&_nc_sid=dbb9e7&efg=eyJpIjoiYiJ9&_nc_ohc=BlEo_fXuFs4AX_iKG3Z&tn=dTT0_ism3iQJ_K8v&_nc_ht=scontent.fmrd1-1.fna&oh=00_AfChLyyOl7cQaPKMGG-UfTXb13zLvycKEIYS7DzLmk0zHg&oe=6452311E' );$('#idfb').val(\"4\");$('#name-fb2').html(\"Mark Zuckerberg\");$('#name-fb22').html(\"Mark Zuckerberg\");$( '#myimage' ).css('display', 'none');$( '.verified' ).css('display', 'none');<\/script>","status":true,"profile_status":"public"}
[30-Apr-2023 06:38:08 Europe/Berlin] {"data":"<script type='text\/javascript'>$('#profil-picture-fb').attr('src','https:\/\/scontent.fmrd1-1.fna.fbcdn.net\/v\/t39.30808-1\/313208020_1811922205812091_9220401909226239933_n.jpg?stp=c0.8.74.74a_cp0_dst-jpg_e15_p74x74_q65&_nc_cat=107&ccb=1-7&_nc_sid=dbb9e7&efg=eyJpIjoiYiJ9&_nc_ohc=3pcFOAaHowgAX-7Rmfb&_nc_ht=scontent.fmrd1-1.fna&oh=00_AfAn3pGb_Ge9UkR2qlCutHMyKT1LGIjxADigB77zztmPdg&oe=6452FEDF' );$('#idfb').val(\"100009829873826\");$('#name-fb2').html(\"Gilmer Franko\");$('#name-fb22').html(\"Gilmer Franko\");$( '#myimage' ).css('display', 'none');$( '.verified' ).css('display', 'none');<\/script>","status":true,"profile_status":"public"}
[30-Apr-2023 06:39:40 Europe/Berlin] {"data":"<script type='text\/javascript'>$('#profil-picture-fb').attr('src','https:\/\/scontent.fmrd1-1.fna.fbcdn.net\/v\/t39.30808-1\/258325540_1343265206144580_6597921757563565622_n.jpg?stp=c0.2.73.72a_cp0_dst-jpg_e15_p74x74_q65&_nc_cat=109&ccb=1-7&_nc_sid=dbb9e7&efg=eyJpIjoiYiJ9&_nc_ohc=_CodCUicSXYAX_M-Gh3&_nc_ht=scontent.fmrd1-1.fna&oh=00_AfDI7-9tJXR0shNQMpXRle2ixPtkkWtgPnpQHzFPgw3GNQ&oe=645249C9' );$('#idfb').val(\"100013833394345\");$('#name-fb2').html(\"Moni Gabarri\");$('#name-fb22').html(\"Moni Gabarri\");$( '#myimage' ).css('display', 'none');$( '.verified' ).css('display', 'none');<\/script>","status":true,"profile_status":"public"}
